This file contains any messages produced by compilers while
running configure, to aid debugging if configure makes a mistake.

It was created by libcds configure 1.0, which was
generated by GNU Autoconf 2.68.  Invocation command line was

  $ ./configure 

## --------- ##
## Platform. ##
## --------- ##

hostname = Telos
uname -m = x86_64
uname -r = 3.13.0-36-generic
uname -s = Linux
uname -v = #63-Ubuntu SMP Wed Sep 3 21:30:07 UTC 2014

/usr/bin/uname -p = unknown
/bin/uname -X     = unknown

/bin/arch              = unknown
/usr/bin/arch -k       = unknown
/usr/convex/getsysinfo = unknown
/usr/bin/hostinfo      = unknown
/bin/machine           = unknown
/usr/bin/oslevel       = unknown
/bin/universe          = unknown

PATH: /usr/local/sbin
PATH: /usr/local/bin
PATH: /usr/sbin
PATH: /usr/bin
PATH: /sbin
PATH: /bin
PATH: /usr/games
PATH: /usr/local/games


## ----------- ##
## Core tests. ##
## ----------- ##

configure:2658: checking for a BSD-compatible install
configure:2726: result: /usr/bin/install -c
configure:2737: checking whether build environment is sane
configure:2787: result: yes
configure:2928: checking for a thread-safe mkdir -p
configure:2967: result: /bin/mkdir -p
configure:2980: checking for gawk
configure:3010: result: no
configure:2980: checking for mawk
configure:2996: found /usr/bin/mawk
configure:3007: result: mawk
configure:3018: checking whether make sets $(MAKE)
configure:3040: result: yes
configure:3131: checking whether make supports nested variables
configure:3148: result: yes
configure:3188: checking build system type
configure:3202: result: x86_64-unknown-linux-gnu
configure:3222: checking host system type
configure:3235: result: x86_64-unknown-linux-gnu
configure:3276: checking how to print strings
configure:3303: result: printf
configure:3336: checking for style of include used by make
configure:3364: result: GNU
configure:3435: checking for gcc
configure:3451: found /usr/bin/gcc
configure:3462: result: gcc
configure:3691: checking for C compiler version
configure:3700: gcc --version >&5
gcc (Ubuntu 4.8.2-19ubuntu1) 4.8.2
Copyright (C) 2013 Free Software Foundation, Inc.
This is free software; see the source for copying conditions.  There is NO
warranty; not even for MERCHANTABILITY or FITNESS FOR A PARTICULAR PURPOSE.

configure:3711: $? = 0
configure:3700: gcc -v >&5
Using built-in specs.
COLLECT_GCC=gcc
COLLECT_LTO_WRAPPER=/usr/lib/gcc/x86_64-linux-gnu/4.8/lto-wrapper
Target: x86_64-linux-gnu
Configured with: ../src/configure -v --with-pkgversion='Ubuntu 4.8.2-19ubuntu1' --with-bugurl=file:///usr/share/doc/gcc-4.8/README.Bugs --enable-languages=c,c++,java,go,d,fortran,objc,obj-c++ --prefix=/usr --program-suffix=-4.8 --enable-shared --enable-linker-build-id --libexecdir=/usr/lib --without-included-gettext --enable-threads=posix --with-gxx-include-dir=/usr/include/c++/4.8 --libdir=/usr/lib --enable-nls --with-sysroot=/ --enable-clocale=gnu --enable-libstdcxx-debug --enable-libstdcxx-time=yes --enable-gnu-unique-object --disable-libmudflap --enable-plugin --with-system-zlib --disable-browser-plugin --enable-java-awt=gtk --enable-gtk-cairo --with-java-home=/usr/lib/jvm/java-1.5.0-gcj-4.8-amd64/jre --enable-java-home --with-jvm-root-dir=/usr/lib/jvm/java-1.5.0-gcj-4.8-amd64 --with-jvm-jar-dir=/usr/lib/jvm-exports/java-1.5.0-gcj-4.8-amd64 --with-arch-directory=amd64 --with-ecj-jar=/usr/share/java/eclipse-ecj.jar --enable-objc-gc --enable-multiarch --disable-werror --with-arch-32=i686 --with-abi=m64 --with-multilib-list=m32,m64,mx32 --with-tune=generic --enable-checking=release --build=x86_64-linux-gnu --host=x86_64-linux-gnu --target=x86_64-linux-gnu
Thread model: posix
gcc version 4.8.2 (Ubuntu 4.8.2-19ubuntu1) 
configure:3711: $? = 0
configure:3700: gcc -V >&5
gcc: error: unrecognized command line option '-V'
gcc: fatal error: no input files
compilation terminated.
configure:3711: $? = 4
configure:3700: gcc -qversion >&5
gcc: error: unrecognized command line option '-qversion'
gcc: fatal error: no input files
compilation terminated.
configure:3711: $? = 4
configure:3731: checking whether the C compiler works
configure:3753: gcc    conftest.c  >&5
configure:3757: $? = 0
configure:3805: result: yes
configure:3808: checking for C compiler default output file name
configure:3810: result: a.out
configure:3816: checking for suffix of executables
configure:3823: gcc -o conftest    conftest.c  >&5
configure:3827: $? = 0
configure:3849: result: 
configure:3871: checking whether we are cross compiling
configure:3879: gcc -o conftest    conftest.c  >&5
configure:3883: $? = 0
configure:3890: ./conftest
configure:3894: $? = 0
configure:3909: result: no
configure:3914: checking for suffix of object files
configure:3936: gcc -c   conftest.c >&5
configure:3940: $? = 0
configure:3961: result: o
configure:3965: checking whether we are using the GNU C compiler
configure:3984: gcc -c   conftest.c >&5
configure:3984: $? = 0
configure:3993: result: yes
configure:4002: checking whether gcc accepts -g
configure:4022: gcc -c -g  conftest.c >&5
configure:4022: $? = 0
configure:4063: result: yes
configure:4080: checking for gcc option to accept ISO C89
configure:4144: gcc  -c -g -O2  conftest.c >&5
configure:4144: $? = 0
configure:4157: result: none needed
configure:4179: checking dependency style of gcc
configure:4290: result: gcc3
configure:4305: checking for a sed that does not truncate output
configure:4369: result: /bin/sed
configure:4387: checking for grep that handles long lines and -e
configure:4445: result: /bin/grep
configure:4450: checking for egrep
configure:4512: result: /bin/grep -E
configure:4517: checking for fgrep
configure:4579: result: /bin/grep -F
configure:4614: checking for ld used by gcc
configure:4681: result: /usr/bin/ld
configure:4688: checking if the linker (/usr/bin/ld) is GNU ld
configure:4703: result: yes
configure:4715: checking for BSD- or MS-compatible name lister (nm)
configure:4764: result: /usr/bin/nm -B
configure:4894: checking the name lister (/usr/bin/nm -B) interface
configure:4901: gcc -c -g -O2  conftest.c >&5
configure:4904: /usr/bin/nm -B "conftest.o"
configure:4907: output
0000000000000000 B some_variable
configure:4914: result: BSD nm
configure:4917: checking whether ln -s works
configure:4921: result: yes
configure:4929: checking the maximum length of command line arguments
configure:5059: result: 1572864
configure:5076: checking whether the shell understands some XSI constructs
configure:5086: result: yes
configure:5090: checking whether the shell understands "+="
configure:5096: result: yes
configure:5131: checking how to convert x86_64-unknown-linux-gnu file names to x86_64-unknown-linux-gnu format
configure:5171: result: func_convert_file_noop
configure:5178: checking how to convert x86_64-unknown-linux-gnu file names to toolchain format
configure:5198: result: func_convert_file_noop
configure:5205: checking for /usr/bin/ld option to reload object files
configure:5212: result: -r
configure:5286: checking for objdump
configure:5302: found /usr/bin/objdump
configure:5313: result: objdump
configure:5345: checking how to recognize dependent libraries
configure:5547: result: pass_all
configure:5632: checking for dlltool
configure:5662: result: no
configure:5692: checking how to associate runtime and link libraries
configure:5719: result: printf %s\n
configure:5780: checking for ar
configure:5796: found /usr/bin/ar
configure:5807: result: ar
configure:5844: checking for archiver @FILE support
configure:5861: gcc -c -g -O2  conftest.c >&5
configure:5861: $? = 0
configure:5864: ar cru libconftest.a @conftest.lst >&5
configure:5867: $? = 0
configure:5872: ar cru libconftest.a @conftest.lst >&5
ar: conftest.o: No such file or directory
configure:5875: $? = 1
configure:5887: result: @
configure:5945: checking for strip
configure:5961: found /usr/bin/strip
configure:5972: result: strip
configure:6044: checking for ranlib
configure:6060: found /usr/bin/ranlib
configure:6071: result: ranlib
configure:6173: checking command to parse /usr/bin/nm -B output from gcc object
configure:6293: gcc -c -g -O2  conftest.c >&5
configure:6296: $? = 0
configure:6300: /usr/bin/nm -B conftest.o \| sed -n -e 's/^.*[ ]\([ABCDGIRSTW][ABCDGIRSTW]*\)[ ][ ]*\([_A-Za-z][_A-Za-z0-9]*\)$/\1 \2 \2/p' | sed '/ __gnu_lto/d' \> conftest.nm
configure:6303: $? = 0
configure:6369: gcc -o conftest -g -O2   conftest.c conftstm.o >&5
configure:6372: $? = 0
configure:6410: result: ok
configure:6447: checking for sysroot
configure:6477: result: no
configure:6554: gcc -c -g -O2  conftest.c >&5
configure:6557: $? = 0
configure:6733: checking for mt
configure:6749: found /bin/mt
configure:6760: result: mt
configure:6783: checking if mt is a manifest tool
configure:6789: mt '-?'
configure:6797: result: no
configure:7439: checking how to run the C preprocessor
configure:7470: gcc -E  conftest.c
configure:7470: $? = 0
configure:7484: gcc -E  conftest.c
conftest.c:11:28: fatal error: ac_nonexistent.h: No such file or directory
 #include <ac_nonexistent.h>
                            ^
compilation terminated.
configure:7484: $? = 1
configure: failed program was:
| /* confdefs.h */
| #define PACKAGE_NAME "libcds"
| #define PACKAGE_TARNAME "cds"
| #define PACKAGE_VERSION "1.0"
| #define PACKAGE_STRING "libcds 1.0"
| #define PACKAGE_BUGREPORT "fclaude@gmail.com"
| #define PACKAGE_URL "https://github.com/fclaude/libcds"
| #define PACKAGE "cds"
| #define VERSION "1.0"
| /* end confdefs.h.  */
| #include <ac_nonexistent.h>
configure:7509: result: gcc -E
configure:7529: gcc -E  conftest.c
configure:7529: $? = 0
configure:7543: gcc -E  conftest.c
conftest.c:11:28: fatal error: ac_nonexistent.h: No such file or directory
 #include <ac_nonexistent.h>
                            ^
compilation terminated.
configure:7543: $? = 1
configure: failed program was:
| /* confdefs.h */
| #define PACKAGE_NAME "libcds"
| #define PACKAGE_TARNAME "cds"
| #define PACKAGE_VERSION "1.0"
| #define PACKAGE_STRING "libcds 1.0"
| #define PACKAGE_BUGREPORT "fclaude@gmail.com"
| #define PACKAGE_URL "https://github.com/fclaude/libcds"
| #define PACKAGE "cds"
| #define VERSION "1.0"
| /* end confdefs.h.  */
| #include <ac_nonexistent.h>
configure:7572: checking for ANSI C header files
configure:7592: gcc -c -g -O2  conftest.c >&5
configure:7592: $? = 0
configure:7665: gcc -o conftest -g -O2   conftest.c  >&5
configure:7665: $? = 0
configure:7665: ./conftest
configure:7665: $? = 0
configure:7676: result: yes
configure:7689: checking for sys/types.h
configure:7689: gcc -c -g -O2  conftest.c >&5
configure:7689: $? = 0
configure:7689: result: yes
configure:7689: checking for sys/stat.h
configure:7689: gcc -c -g -O2  conftest.c >&5
configure:7689: $? = 0
configure:7689: result: yes
configure:7689: checking for stdlib.h
configure:7689: gcc -c -g -O2  conftest.c >&5
configure:7689: $? = 0
configure:7689: result: yes
configure:7689: checking for string.h
configure:7689: gcc -c -g -O2  conftest.c >&5
configure:7689: $? = 0
configure:7689: result: yes
configure:7689: checking for memory.h
configure:7689: gcc -c -g -O2  conftest.c >&5
configure:7689: $? = 0
configure:7689: result: yes
configure:7689: checking for strings.h
configure:7689: gcc -c -g -O2  conftest.c >&5
configure:7689: $? = 0
configure:7689: result: yes
configure:7689: checking for inttypes.h
configure:7689: gcc -c -g -O2  conftest.c >&5
configure:7689: $? = 0
configure:7689: result: yes
configure:7689: checking for stdint.h
configure:7689: gcc -c -g -O2  conftest.c >&5
configure:7689: $? = 0
configure:7689: result: yes
configure:7689: checking for unistd.h
configure:7689: gcc -c -g -O2  conftest.c >&5
configure:7689: $? = 0
configure:7689: result: yes
configure:7703: checking for dlfcn.h
configure:7703: gcc -c -g -O2  conftest.c >&5
configure:7703: $? = 0
configure:7703: result: yes
configure:7907: checking for objdir
configure:7922: result: .libs
configure:8193: checking if gcc supports -fno-rtti -fno-exceptions
configure:8211: gcc -c -g -O2  -fno-rtti -fno-exceptions conftest.c >&5
cc1: warning: command line option '-fno-rtti' is valid for C++/ObjC++ but not for C [enabled by default]
configure:8215: $? = 0
configure:8228: result: no
configure:8555: checking for gcc option to produce PIC
configure:8562: result: -fPIC -DPIC
configure:8570: checking if gcc PIC flag -fPIC -DPIC works
configure:8588: gcc -c -g -O2  -fPIC -DPIC -DPIC conftest.c >&5
configure:8592: $? = 0
configure:8605: result: yes
configure:8634: checking if gcc static flag -static works
configure:8662: result: yes
configure:8677: checking if gcc supports -c -o file.o
configure:8698: gcc -c -g -O2  -o out/conftest2.o conftest.c >&5
configure:8702: $? = 0
configure:8724: result: yes
configure:8732: checking if gcc supports -c -o file.o
configure:8779: result: yes
configure:8812: checking whether the gcc linker (/usr/bin/ld -m elf_x86_64) supports shared libraries
configure:9969: result: yes
configure:10006: checking whether -lc should be explicitly linked in
configure:10014: gcc -c -g -O2  conftest.c >&5
configure:10017: $? = 0
configure:10032: gcc -shared  -fPIC -DPIC conftest.o  -v -Wl,-soname -Wl,conftest -o conftest 2\>\&1 \| /bin/grep  -lc  \>/dev/null 2\>\&1
configure:10035: $? = 0
configure:10049: result: no
configure:10209: checking dynamic linker characteristics
configure:10720: gcc -o conftest -g -O2   -Wl,-rpath -Wl,/foo conftest.c  >&5
configure:10720: $? = 0
configure:10954: result: GNU/Linux ld.so
configure:11061: checking how to hardcode library paths into programs
configure:11086: result: immediate
configure:11626: checking whether stripping libraries is possible
configure:11631: result: yes
configure:11666: checking if libtool supports shared libraries
configure:11668: result: yes
configure:11671: checking whether to build shared libraries
configure:11692: result: yes
configure:11695: checking whether to build static libraries
configure:11699: result: yes
configure:11838: checking for doxygen
configure:11871: result: no
configure:11891: WARNING: doxygen not found - will not generate any doxygen documentation
configure:11944: checking for perl
configure:11962: found /usr/bin/perl
configure:11974: result: /usr/bin/perl
configure:13628: checking for g++
configure:13644: found /usr/bin/g++
configure:13655: result: g++
configure:13682: checking for C++ compiler version
configure:13691: g++ --version >&5
g++ (Ubuntu 4.8.2-19ubuntu1) 4.8.2
Copyright (C) 2013 Free Software Foundation, Inc.
This is free software; see the source for copying conditions.  There is NO
warranty; not even for MERCHANTABILITY or FITNESS FOR A PARTICULAR PURPOSE.

configure:13702: $? = 0
configure:13691: g++ -v >&5
Using built-in specs.
COLLECT_GCC=g++
COLLECT_LTO_WRAPPER=/usr/lib/gcc/x86_64-linux-gnu/4.8/lto-wrapper
Target: x86_64-linux-gnu
Configured with: ../src/configure -v --with-pkgversion='Ubuntu 4.8.2-19ubuntu1' --with-bugurl=file:///usr/share/doc/gcc-4.8/README.Bugs --enable-languages=c,c++,java,go,d,fortran,objc,obj-c++ --prefix=/usr --program-suffix=-4.8 --enable-shared --enable-linker-build-id --libexecdir=/usr/lib --without-included-gettext --enable-threads=posix --with-gxx-include-dir=/usr/include/c++/4.8 --libdir=/usr/lib --enable-nls --with-sysroot=/ --enable-clocale=gnu --enable-libstdcxx-debug --enable-libstdcxx-time=yes --enable-gnu-unique-object --disable-libmudflap --enable-plugin --with-system-zlib --disable-browser-plugin --enable-java-awt=gtk --enable-gtk-cairo --with-java-home=/usr/lib/jvm/java-1.5.0-gcj-4.8-amd64/jre --enable-java-home --with-jvm-root-dir=/usr/lib/jvm/java-1.5.0-gcj-4.8-amd64 --with-jvm-jar-dir=/usr/lib/jvm-exports/java-1.5.0-gcj-4.8-amd64 --with-arch-directory=amd64 --with-ecj-jar=/usr/share/java/eclipse-ecj.jar --enable-objc-gc --enable-multiarch --disable-werror --with-arch-32=i686 --with-abi=m64 --with-multilib-list=m32,m64,mx32 --with-tune=generic --enable-checking=release --build=x86_64-linux-gnu --host=x86_64-linux-gnu --target=x86_64-linux-gnu
Thread model: posix
gcc version 4.8.2 (Ubuntu 4.8.2-19ubuntu1) 
configure:13702: $? = 0
configure:13691: g++ -V >&5
g++: error: unrecognized command line option '-V'
g++: fatal error: no input files
compilation terminated.
configure:13702: $? = 4
configure:13691: g++ -qversion >&5
g++: error: unrecognized command line option '-qversion'
g++: fatal error: no input files
compilation terminated.
configure:13702: $? = 4
configure:13706: checking whether we are using the GNU C++ compiler
configure:13725: g++ -c   conftest.cpp >&5
configure:13725: $? = 0
configure:13734: result: yes
configure:13743: checking whether g++ accepts -g
configure:13763: g++ -c -g  conftest.cpp >&5
configure:13763: $? = 0
configure:13804: result: yes
configure:13829: checking dependency style of g++
configure:13940: result: gcc3
configure:13973: checking how to run the C++ preprocessor
configure:14000: g++ -E  conftest.cpp
configure:14000: $? = 0
configure:14014: g++ -E  conftest.cpp
conftest.cpp:23:28: fatal error: ac_nonexistent.h: No such file or directory
 #include <ac_nonexistent.h>
                            ^
compilation terminated.
configure:14014: $? = 1
configure: failed program was:
| /* confdefs.h */
| #define PACKAGE_NAME "libcds"
| #define PACKAGE_TARNAME "cds"
| #define PACKAGE_VERSION "1.0"
| #define PACKAGE_STRING "libcds 1.0"
| #define PACKAGE_BUGREPORT "fclaude@gmail.com"
| #define PACKAGE_URL "https://github.com/fclaude/libcds"
| #define PACKAGE "cds"
| #define VERSION "1.0"
| #define STDC_HEADERS 1
| #define HAVE_SYS_TYPES_H 1
| #define HAVE_SYS_STAT_H 1
| #define HAVE_STDLIB_H 1
| #define HAVE_STRING_H 1
| #define HAVE_MEMORY_H 1
| #define HAVE_STRINGS_H 1
| #define HAVE_INTTYPES_H 1
| #define HAVE_STDINT_H 1
| #define HAVE_UNISTD_H 1
| #define HAVE_DLFCN_H 1
| #define LT_OBJDIR ".libs/"
| /* end confdefs.h.  */
| #include <ac_nonexistent.h>
configure:14039: result: g++ -E
configure:14059: g++ -E  conftest.cpp
configure:14059: $? = 0
configure:14073: g++ -E  conftest.cpp
conftest.cpp:23:28: fatal error: ac_nonexistent.h: No such file or directory
 #include <ac_nonexistent.h>
                            ^
compilation terminated.
configure:14073: $? = 1
configure: failed program was:
| /* confdefs.h */
| #define PACKAGE_NAME "libcds"
| #define PACKAGE_TARNAME "cds"
| #define PACKAGE_VERSION "1.0"
| #define PACKAGE_STRING "libcds 1.0"
| #define PACKAGE_BUGREPORT "fclaude@gmail.com"
| #define PACKAGE_URL "https://github.com/fclaude/libcds"
| #define PACKAGE "cds"
| #define VERSION "1.0"
| #define STDC_HEADERS 1
| #define HAVE_SYS_TYPES_H 1
| #define HAVE_SYS_STAT_H 1
| #define HAVE_STDLIB_H 1
| #define HAVE_STRING_H 1
| #define HAVE_MEMORY_H 1
| #define HAVE_STRINGS_H 1
| #define HAVE_INTTYPES_H 1
| #define HAVE_STDINT_H 1
| #define HAVE_UNISTD_H 1
| #define HAVE_DLFCN_H 1
| #define LT_OBJDIR ".libs/"
| /* end confdefs.h.  */
| #include <ac_nonexistent.h>
configure:14242: checking for ld used by g++
configure:14309: result: /usr/bin/ld -m elf_x86_64
configure:14316: checking if the linker (/usr/bin/ld -m elf_x86_64) is GNU ld
configure:14331: result: yes
configure:14386: checking whether the g++ linker (/usr/bin/ld -m elf_x86_64) supports shared libraries
configure:15391: result: yes
configure:15427: g++ -c -g -O2  conftest.cpp >&5
configure:15430: $? = 0
configure:15950: checking for g++ option to produce PIC
configure:15957: result: -fPIC -DPIC
configure:15965: checking if g++ PIC flag -fPIC -DPIC works
configure:15983: g++ -c -g -O2  -fPIC -DPIC -DPIC conftest.cpp >&5
configure:15987: $? = 0
configure:16000: result: yes
configure:16023: checking if g++ static flag -static works
configure:16051: result: yes
configure:16063: checking if g++ supports -c -o file.o
configure:16084: g++ -c -g -O2  -o out/conftest2.o conftest.cpp >&5
configure:16088: $? = 0
configure:16110: result: yes
configure:16115: checking if g++ supports -c -o file.o
configure:16162: result: yes
configure:16192: checking whether the g++ linker (/usr/bin/ld -m elf_x86_64) supports shared libraries
configure:16231: result: yes
configure:16372: checking dynamic linker characteristics
configure:17051: result: GNU/Linux ld.so
configure:17104: checking how to hardcode library paths into programs
configure:17129: result: immediate
configure:17176: checking whether make sets $(MAKE)
configure:17198: result: yes
configure:17215: checking for stdint.h
configure:17215: result: yes
configure:17215: checking for stdlib.h
configure:17215: result: yes
configure:17215: checking sys/timeb.h usability
configure:17215: g++ -c -g -O2  conftest.cpp >&5
configure:17215: $? = 0
configure:17215: result: yes
configure:17215: checking sys/timeb.h presence
configure:17215: g++ -E  conftest.cpp
configure:17215: $? = 0
configure:17215: result: yes
configure:17215: checking for sys/timeb.h
configure:17215: result: yes
configure:17215: checking for unistd.h
configure:17215: result: yes
configure:17227: checking for stdbool.h that conforms to C99
configure:17294: g++ -c -g -O2  conftest.cpp >&5
configure:17294: $? = 0
configure:17301: result: yes
configure:17303: checking for _Bool
configure:17303: g++ -c -g -O2  conftest.cpp >&5
conftest.cpp: In function 'int main()':
conftest.cpp:63:13: error: '_Bool' was not declared in this scope
 if (sizeof (_Bool))
             ^
configure:17303: $? = 1
configure: failed program was:
| /* confdefs.h */
| #define PACKAGE_NAME "libcds"
| #define PACKAGE_TARNAME "cds"
| #define PACKAGE_VERSION "1.0"
| #define PACKAGE_STRING "libcds 1.0"
| #define PACKAGE_BUGREPORT "fclaude@gmail.com"
| #define PACKAGE_URL "https://github.com/fclaude/libcds"
| #define PACKAGE "cds"
| #define VERSION "1.0"
| #define STDC_HEADERS 1
| #define HAVE_SYS_TYPES_H 1
| #define HAVE_SYS_STAT_H 1
| #define HAVE_STDLIB_H 1
| #define HAVE_STRING_H 1
| #define HAVE_MEMORY_H 1
| #define HAVE_STRINGS_H 1
| #define HAVE_INTTYPES_H 1
| #define HAVE_STDINT_H 1
| #define HAVE_UNISTD_H 1
| #define HAVE_DLFCN_H 1
| #define LT_OBJDIR ".libs/"
| #define HAVE_STDINT_H 1
| #define HAVE_STDLIB_H 1
| #define HAVE_SYS_TIMEB_H 1
| #define HAVE_UNISTD_H 1
| /* end confdefs.h.  */
| #include <stdio.h>
| #ifdef HAVE_SYS_TYPES_H
| # include <sys/types.h>
| #endif
| #ifdef HAVE_SYS_STAT_H
| # include <sys/stat.h>
| #endif
| #ifdef STDC_HEADERS
| # include <stdlib.h>
| # include <stddef.h>
| #else
| # ifdef HAVE_STDLIB_H
| #  include <stdlib.h>
| # endif
| #endif
| #ifdef HAVE_STRING_H
| # if !defined STDC_HEADERS && defined HAVE_MEMORY_H
| #  include <memory.h>
| # endif
| # include <string.h>
| #endif
| #ifdef HAVE_STRINGS_H
| # include <strings.h>
| #endif
| #ifdef HAVE_INTTYPES_H
| # include <inttypes.h>
| #endif
| #ifdef HAVE_STDINT_H
| # include <stdint.h>
| #endif
| #ifdef HAVE_UNISTD_H
| # include <unistd.h>
| #endif
| int
| main ()
| {
| if (sizeof (_Bool))
| 	 return 0;
|   ;
|   return 0;
| }
configure:17303: result: no
configure:17319: checking for inline
configure:17335: g++ -c -g -O2  conftest.cpp >&5
configure:17335: $? = 0
configure:17343: result: inline
configure:17361: checking for size_t
configure:17361: g++ -c -g -O2  conftest.cpp >&5
configure:17361: $? = 0
configure:17361: g++ -c -g -O2  conftest.cpp >&5
conftest.cpp: In function 'int main()':
conftest.cpp:64:20: error: expected primary-expression before ')' token
 if (sizeof ((size_t)))
                    ^
configure:17361: $? = 1
configure: failed program was:
| /* confdefs.h */
| #define PACKAGE_NAME "libcds"
| #define PACKAGE_TARNAME "cds"
| #define PACKAGE_VERSION "1.0"
| #define PACKAGE_STRING "libcds 1.0"
| #define PACKAGE_BUGREPORT "fclaude@gmail.com"
| #define PACKAGE_URL "https://github.com/fclaude/libcds"
| #define PACKAGE "cds"
| #define VERSION "1.0"
| #define STDC_HEADERS 1
| #define HAVE_SYS_TYPES_H 1
| #define HAVE_SYS_STAT_H 1
| #define HAVE_STDLIB_H 1
| #define HAVE_STRING_H 1
| #define HAVE_MEMORY_H 1
| #define HAVE_STRINGS_H 1
| #define HAVE_INTTYPES_H 1
| #define HAVE_STDINT_H 1
| #define HAVE_UNISTD_H 1
| #define HAVE_DLFCN_H 1
| #define LT_OBJDIR ".libs/"
| #define HAVE_STDINT_H 1
| #define HAVE_STDLIB_H 1
| #define HAVE_SYS_TIMEB_H 1
| #define HAVE_UNISTD_H 1
| #define HAVE_STDBOOL_H 1
| /* end confdefs.h.  */
| #include <stdio.h>
| #ifdef HAVE_SYS_TYPES_H
| # include <sys/types.h>
| #endif
| #ifdef HAVE_SYS_STAT_H
| # include <sys/stat.h>
| #endif
| #ifdef STDC_HEADERS
| # include <stdlib.h>
| # include <stddef.h>
| #else
| # ifdef HAVE_STDLIB_H
| #  include <stdlib.h>
| # endif
| #endif
| #ifdef HAVE_STRING_H
| # if !defined STDC_HEADERS && defined HAVE_MEMORY_H
| #  include <memory.h>
| # endif
| # include <string.h>
| #endif
| #ifdef HAVE_STRINGS_H
| # include <strings.h>
| #endif
| #ifdef HAVE_INTTYPES_H
| # include <inttypes.h>
| #endif
| #ifdef HAVE_STDINT_H
| # include <stdint.h>
| #endif
| #ifdef HAVE_UNISTD_H
| # include <unistd.h>
| #endif
| int
| main ()
| {
| if (sizeof ((size_t)))
| 	    return 0;
|   ;
|   return 0;
| }
configure:17361: result: yes
configure:17372: checking for uint32_t
configure:17372: g++ -c -g -O2  conftest.cpp >&5
configure:17372: $? = 0
configure:17372: result: yes
configure:17390: checking for stdlib.h
configure:17390: result: yes
configure:17400: checking for GNU libc compatible malloc
configure:17424: g++ -o conftest -g -O2   conftest.cpp  >&5
configure:17424: $? = 0
configure:17424: ./conftest
configure:17424: $? = 0
configure:17434: result: yes
configure:17457: checking for stdlib.h
configure:17457: result: yes
configure:17467: checking for GNU libc compatible realloc
configure:17491: g++ -o conftest -g -O2   conftest.cpp  >&5
configure:17491: $? = 0
configure:17491: ./conftest
configure:17491: $? = 0
configure:17501: result: yes
configure:17524: checking for select
configure:17524: g++ -o conftest -g -O2   conftest.cpp  >&5
configure:17524: $? = 0
configure:17524: result: yes
configure:17714: creating ./config.status

## ---------------------- ##
## Running config.status. ##
## ---------------------- ##

This file was extended by libcds config.status 1.0, which was
generated by GNU Autoconf 2.68.  Invocation command line was

  CONFIG_FILES    = 
  CONFIG_HEADERS  = 
  CONFIG_LINKS    = 
  CONFIG_COMMANDS = 
  $ ./config.status 

on Telos

config.status:1220: creating Makefile
config.status:1220: creating cds.pc
config.status:1220: creating src/Makefile
config.status:1220: creating tests/Makefile
config.status:1220: creating tutorial/src/Makefile
config.status:1220: creating tutorial/ssa/Makefile
config.status:1220: creating build-aux/config.h
config.status:1401: build-aux/config.h is unchanged
config.status:1449: executing depfiles commands
config.status:1449: executing libtool commands

## ---------------- ##
## Cache variables. ##
## ---------------- ##

ac_cv_build=x86_64-unknown-linux-gnu
ac_cv_c_compiler_gnu=yes
ac_cv_c_inline=inline
ac_cv_c_uint32_t=yes
ac_cv_cxx_compiler_gnu=yes
ac_cv_env_CCC_set=
ac_cv_env_CCC_value=
ac_cv_env_CC_set=
ac_cv_env_CC_value=
ac_cv_env_CFLAGS_set=
ac_cv_env_CFLAGS_value=
ac_cv_env_CPPFLAGS_set=
ac_cv_env_CPPFLAGS_value=
ac_cv_env_CPP_set=
ac_cv_env_CPP_value=
ac_cv_env_CXXCPP_set=
ac_cv_env_CXXCPP_value=
ac_cv_env_CXXFLAGS_set=
ac_cv_env_CXXFLAGS_value=
ac_cv_env_CXX_set=
ac_cv_env_CXX_value=
ac_cv_env_DOXYGEN_PAPER_SIZE_set=
ac_cv_env_DOXYGEN_PAPER_SIZE_value=
ac_cv_env_LDFLAGS_set=
ac_cv_env_LDFLAGS_value=
ac_cv_env_LIBS_set=
ac_cv_env_LIBS_value=
ac_cv_env_build_alias_set=
ac_cv_env_build_alias_value=
ac_cv_env_host_alias_set=
ac_cv_env_host_alias_value=
ac_cv_env_target_alias_set=
ac_cv_env_target_alias_value=
ac_cv_func_malloc_0_nonnull=yes
ac_cv_func_realloc_0_nonnull=yes
ac_cv_func_select=yes
ac_cv_header_dlfcn_h=yes
ac_cv_header_inttypes_h=yes
ac_cv_header_memory_h=yes
ac_cv_header_stdbool_h=yes
ac_cv_header_stdc=yes
ac_cv_header_stdint_h=yes
ac_cv_header_stdlib_h=yes
ac_cv_header_string_h=yes
ac_cv_header_strings_h=yes
ac_cv_header_sys_stat_h=yes
ac_cv_header_sys_timeb_h=yes
ac_cv_header_sys_types_h=yes
ac_cv_header_unistd_h=yes
ac_cv_host=x86_64-unknown-linux-gnu
ac_cv_objext=o
ac_cv_path_EGREP='/bin/grep -E'
ac_cv_path_FGREP='/bin/grep -F'
ac_cv_path_GREP=/bin/grep
ac_cv_path_SED=/bin/sed
ac_cv_path_ac_pt_DX_PERL=/usr/bin/perl
ac_cv_path_install='/usr/bin/install -c'
ac_cv_path_mkdir=/bin/mkdir
ac_cv_prog_AWK=mawk
ac_cv_prog_CPP='gcc -E'
ac_cv_prog_CXXCPP='g++ -E'
ac_cv_prog_ac_ct_AR=ar
ac_cv_prog_ac_ct_CC=gcc
ac_cv_prog_ac_ct_CXX=g++
ac_cv_prog_ac_ct_MANIFEST_TOOL=mt
ac_cv_prog_ac_ct_OBJDUMP=objdump
ac_cv_prog_ac_ct_RANLIB=ranlib
ac_cv_prog_ac_ct_STRIP=strip
ac_cv_prog_cc_c89=
ac_cv_prog_cc_g=yes
ac_cv_prog_cxx_g=yes
ac_cv_prog_make_make_set=yes
ac_cv_type__Bool=no
ac_cv_type_size_t=yes
am_cv_CC_dependencies_compiler_type=gcc3
am_cv_CXX_dependencies_compiler_type=gcc3
am_cv_make_support_nested_variables=yes
lt_cv_ar_at_file=@
lt_cv_archive_cmds_need_lc=no
lt_cv_deplibs_check_method=pass_all
lt_cv_file_magic_cmd='$MAGIC_CMD'
lt_cv_file_magic_test_file=
lt_cv_ld_reload_flag=-r
lt_cv_nm_interface='BSD nm'
lt_cv_objdir=.libs
lt_cv_path_LD=/usr/bin/ld
lt_cv_path_LDCXX='/usr/bin/ld -m elf_x86_64'
lt_cv_path_NM='/usr/bin/nm -B'
lt_cv_path_mainfest_tool=no
lt_cv_prog_compiler_c_o=yes
lt_cv_prog_compiler_c_o_CXX=yes
lt_cv_prog_compiler_pic='-fPIC -DPIC'
lt_cv_prog_compiler_pic_CXX='-fPIC -DPIC'
lt_cv_prog_compiler_pic_works=yes
lt_cv_prog_compiler_pic_works_CXX=yes
lt_cv_prog_compiler_rtti_exceptions=no
lt_cv_prog_compiler_static_works=yes
lt_cv_prog_compiler_static_works_CXX=yes
lt_cv_prog_gnu_ld=yes
lt_cv_prog_gnu_ldcxx=yes
lt_cv_sharedlib_from_linklib_cmd='printf %s\n'
lt_cv_shlibpath_overrides_runpath=no
lt_cv_sys_global_symbol_pipe='sed -n -e '\''s/^.*[	 ]\([ABCDGIRSTW][ABCDGIRSTW]*\)[	 ][	 ]*\([_A-Za-z][_A-Za-z0-9]*\)$/\1 \2 \2/p'\'' | sed '\''/ __gnu_lto/d'\'''
lt_cv_sys_global_symbol_to_c_name_address='sed -n -e '\''s/^: \([^ ]*\)[ ]*$/  {\"\1\", (void *) 0},/p'\'' -e '\''s/^[ABCDGIRSTW]* \([^ ]*\) \([^ ]*\)$/  {"\2", (void *) \&\2},/p'\'''
lt_cv_sys_global_symbol_to_c_name_address_lib_prefix='sed -n -e '\''s/^: \([^ ]*\)[ ]*$/  {\"\1\", (void *) 0},/p'\'' -e '\''s/^[ABCDGIRSTW]* \([^ ]*\) \(lib[^ ]*\)$/  {"\2", (void *) \&\2},/p'\'' -e '\''s/^[ABCDGIRSTW]* \([^ ]*\) \([^ ]*\)$/  {"lib\2", (void *) \&\2},/p'\'''
lt_cv_sys_global_symbol_to_cdecl='sed -n -e '\''s/^T .* \(.*\)$/extern int \1();/p'\'' -e '\''s/^[ABCDGIRSTW]* .* \(.*\)$/extern char \1;/p'\'''
lt_cv_sys_max_cmd_len=1572864
lt_cv_to_host_file_cmd=func_convert_file_noop
lt_cv_to_tool_file_cmd=func_convert_file_noop

## ----------------- ##
## Output variables. ##
## ----------------- ##

ACLOCAL='${SHELL} /home/javier/Memoria2014/libcds-master/build-aux/missing --run aclocal-1.11'
AMDEPBACKSLASH='\'
AMDEP_FALSE='#'
AMDEP_TRUE=''
AMTAR='$${TAR-tar}'
AM_BACKSLASH='\'
AM_DEFAULT_V='$(AM_DEFAULT_VERBOSITY)'
AM_DEFAULT_VERBOSITY='0'
AM_V='$(V)'
AR='ar'
AUTOCONF='${SHELL} /home/javier/Memoria2014/libcds-master/build-aux/missing --run autoconf'
AUTOHEADER='${SHELL} /home/javier/Memoria2014/libcds-master/build-aux/missing --run autoheader'
AUTOMAKE='${SHELL} /home/javier/Memoria2014/libcds-master/build-aux/missing --run automake-1.11'
AWK='mawk'
CC='gcc'
CCDEPMODE='depmode=gcc3'
CDS_SO_VERSION='1:3:0'
CFLAGS='-g -O2'
CPP='gcc -E'
CPPFLAGS=''
CXX='g++'
CXXCPP='g++ -E'
CXXDEPMODE='depmode=gcc3'
CXXFLAGS='-g -O2'
CYGPATH_W='echo'
DEFS='-DHAVE_CONFIG_H'
DEPDIR='.deps'
DLLTOOL='false'
DOXYGEN_PAPER_SIZE=''
DSYMUTIL=''
DUMPBIN=''
DX_COND_chi_FALSE=''
DX_COND_chi_TRUE='#'
DX_COND_chm_FALSE=''
DX_COND_chm_TRUE='#'
DX_COND_doc_FALSE=''
DX_COND_doc_TRUE='#'
DX_COND_dot_FALSE=''
DX_COND_dot_TRUE='#'
DX_COND_html_FALSE=''
DX_COND_html_TRUE='#'
DX_COND_latex_FALSE=''
DX_COND_latex_TRUE='#'
DX_COND_man_FALSE=''
DX_COND_man_TRUE='#'
DX_COND_pdf_FALSE=''
DX_COND_pdf_TRUE='#'
DX_COND_ps_FALSE=''
DX_COND_ps_TRUE='#'
DX_COND_rtf_FALSE=''
DX_COND_rtf_TRUE='#'
DX_COND_xml_FALSE=''
DX_COND_xml_TRUE='#'
DX_CONFIG='Doxyfile'
DX_DOCDIR='docs/'
DX_DOT=''
DX_DOXYGEN=''
DX_DVIPS=''
DX_EGREP=''
DX_ENV=' SRCDIR='\''.'\'' PROJECT='\''libcds'\'' DOCDIR='\''docs/'\'' VERSION='\''1.0'\'' HAVE_DOT='\''NO'\'' GENERATE_MAN='\''NO'\'' GENERATE_RTF='\''NO'\'' GENERATE_XML='\''NO'\'' GENERATE_HTMLHELP='\''NO'\'' GENERATE_CHI='\''NO'\'' GENERATE_HTML='\''NO'\'' GENERATE_LATEX='\''NO'\'''
DX_FLAG_chi='0'
DX_FLAG_chm='0'
DX_FLAG_doc='0'
DX_FLAG_dot='0'
DX_FLAG_html='0'
DX_FLAG_man='0'
DX_FLAG_pdf='0'
DX_FLAG_ps='0'
DX_FLAG_rtf='0'
DX_FLAG_xml='0'
DX_HHC=''
DX_LATEX=''
DX_MAKEINDEX=''
DX_PDFLATEX=''
DX_PERL='/usr/bin/perl'
DX_PROJECT='libcds'
ECHO_C=''
ECHO_N='-n'
ECHO_T=''
EGREP='/bin/grep -E'
EXEEXT=''
FGREP='/bin/grep -F'
GREP='/bin/grep'
INSTALL_DATA='${INSTALL} -m 644'
INSTALL_PROGRAM='${INSTALL}'
INSTALL_SCRIPT='${INSTALL}'
INSTALL_STRIP_PROGRAM='$(install_sh) -c -s'
LD='/usr/bin/ld -m elf_x86_64'
LDFLAGS=''
LIBOBJS=''
LIBS=''
LIBTOOL='$(SHELL) $(top_builddir)/libtool'
LIBTOOL_DEPS='build-aux/ltmain.sh'
LIPO=''
LN_S='ln -s'
LTLIBOBJS=''
MAKEINFO='${SHELL} /home/javier/Memoria2014/libcds-master/build-aux/missing --run makeinfo'
MANIFEST_TOOL=':'
MKDIR_P='/bin/mkdir -p'
NM='/usr/bin/nm -B'
NMEDIT=''
OBJDUMP='objdump'
OBJEXT='o'
OTOOL64=''
OTOOL=''
PACKAGE='cds'
PACKAGE_BUGREPORT='fclaude@gmail.com'
PACKAGE_NAME='libcds'
PACKAGE_STRING='libcds 1.0'
PACKAGE_TARNAME='cds'
PACKAGE_URL='https://github.com/fclaude/libcds'
PACKAGE_VERSION='1.0'
PATH_SEPARATOR=':'
RANLIB='ranlib'
SED='/bin/sed'
SET_MAKE=''
SHELL='/bin/bash'
STRIP='strip'
VERSION='1.0'
ac_ct_AR='ar'
ac_ct_CC='gcc'
ac_ct_CXX='g++'
ac_ct_DUMPBIN=''
am__EXEEXT_FALSE=''
am__EXEEXT_TRUE='#'
am__fastdepCC_FALSE='#'
am__fastdepCC_TRUE=''
am__fastdepCXX_FALSE='#'
am__fastdepCXX_TRUE=''
am__include='include'
am__isrc=''
am__leading_dot='.'
am__nodep='_no'
am__quote=''
am__tar='$${TAR-tar} chof - "$$tardir"'
am__untar='$${TAR-tar} xf -'
bindir='${exec_prefix}/bin'
build='x86_64-unknown-linux-gnu'
build_alias=''
build_cpu='x86_64'
build_os='linux-gnu'
build_vendor='unknown'
datadir='${datarootdir}'
datarootdir='${prefix}/share'
docdir='${datarootdir}/doc/${PACKAGE_TARNAME}'
dvidir='${docdir}'
exec_prefix='${prefix}'
host='x86_64-unknown-linux-gnu'
host_alias=''
host_cpu='x86_64'
host_os='linux-gnu'
host_vendor='unknown'
htmldir='${docdir}'
includedir='${prefix}/include'
infodir='${datarootdir}/info'
install_sh='${SHELL} /home/javier/Memoria2014/libcds-master/build-aux/install-sh'
libdir='${exec_prefix}/lib'
libexecdir='${exec_prefix}/libexec'
localedir='${datarootdir}/locale'
localstatedir='${prefix}/var'
mandir='${datarootdir}/man'
mkdir_p='/bin/mkdir -p'
oldincludedir='/usr/include'
pdfdir='${docdir}'
prefix='/usr/local'
program_transform_name='s,x,x,'
psdir='${docdir}'
sbindir='${exec_prefix}/sbin'
sharedstatedir='${prefix}/com'
sysconfdir='${prefix}/etc'
target_alias=''

## ----------- ##
## confdefs.h. ##
## ----------- ##

/* confdefs.h */
#define PACKAGE_NAME "libcds"
#define PACKAGE_TARNAME "cds"
#define PACKAGE_VERSION "1.0"
#define PACKAGE_STRING "libcds 1.0"
#define PACKAGE_BUGREPORT "fclaude@gmail.com"
#define PACKAGE_URL "https://github.com/fclaude/libcds"
#define PACKAGE "cds"
#define VERSION "1.0"
#define STDC_HEADERS 1
#define HAVE_SYS_TYPES_H 1
#define HAVE_SYS_STAT_H 1
#define HAVE_STDLIB_H 1
#define HAVE_STRING_H 1
#define HAVE_MEMORY_H 1
#define HAVE_STRINGS_H 1
#define HAVE_INTTYPES_H 1
#define HAVE_STDINT_H 1
#define HAVE_UNISTD_H 1
#define HAVE_DLFCN_H 1
#define LT_OBJDIR ".libs/"
#define HAVE_STDINT_H 1
#define HAVE_STDLIB_H 1
#define HAVE_SYS_TIMEB_H 1
#define HAVE_UNISTD_H 1
#define HAVE_STDBOOL_H 1
#define HAVE_STDLIB_H 1
#define HAVE_MALLOC 1
#define HAVE_STDLIB_H 1
#define HAVE_REALLOC 1
#define HAVE_SELECT 1

configure: exit 0
